[0mGET /meetings [32m200[0m 378.914 ms - 114[0m
GET /meetings 200 114 - 285.127 ms
[0mGET /webhooks [32m200[0m 290.576 ms - 156[0m
[0mGET /webhooks [32m200[0m 250.425 ms - 156[0m
[0mGET / [32m200[0m 1.092 ms - 27[0m
[0mGET /favicon.ico [33m404[0m 3.655 ms - 150[0m
[0mGET /webhooks [32m200[0m 32.569 ms - 156[0m
[0mPOST /delete-webhook [32m200[0m 43.570 ms - 39[0m
[0mGET /webhooks [32m200[0m 22.171 ms - 35[0m
[0mGET /webhooks [32m200[0m 128.710 ms - 35[0m
[0mPOST /create-webhook [32m200[0m 322.927 ms - 73[0m
[0mPOST / [33m404[0m 3.580 ms - 140[0m
[0mPOST /create-meeting [32m200[0m 613.410 ms - 443[0m
[0mPOST /join-meeting [32m200[0m 580.175 ms - -[0m
[0mPOST /join-meeting [32m200[0m 76.010 ms - -[0m
[0mPOST /join-meeting [32m200[0m 84.153 ms - 362[0m
[0mPOST / [33m404[0m 9.408 ms - 140[0m
[0mPOST / [33m404[0m 1.973 ms - 140[0m
[0mPOST / [33m404[0m 1.383 ms - 140[0m
[0mPOST / [33m404[0m 2.698 ms - 140[0m
[0mPOST / [33m404[0m 4.089 ms - 140[0m
[0mGET /webhooks [32m200[0m 52.655 ms - 148[0m
[0mPOST /delete-webhook [32m200[0m 96.771 ms - 39[0m
[0mPOST /create-webhook [32m200[0m 32.930 ms - 73[0m
[0mPOST /webhook [32m200[0m 5.725 ms - 2[0m
[0mPOST /join-meeting [32m200[0m 76.848 ms - 362[0m
[0mPOST /webhook [32m200[0m 5.455 ms - 2[0m
[0mPOST /webhook [32m200[0m 4.896 ms - 2[0m
[0mPOST /webhook [32m200[0m 1.936 ms - 2[0m
[0mPOST /webhook [32m200[0m 51.889 ms - 2[0m
[0mPOST /webhook [32m200[0m 3.751 ms - 2[0m
[0mPOST /webhook [32m200[0m 4.359 ms - 2[0m
[0mPOST /webhook [32m200[0m 1.438 ms - 2[0m
[0mPOST /webhook [32m200[0m 1.889 ms - 2[0m
[0mPOST /webhook [32m200[0m 3.956 ms - 2[0m
[0mGET /meeting/121508bb-6fef-4c4d-a100-d0fa2123ed47 [32m200[0m 6.625 ms - 2[0m
[0mGET /meeting/121508bb-6fef-4c4d-a100-d0fa2123ed47 [32m200[0m 41.031 ms - 2[0m
[0mGET /meeting/121508bb-6fef-4c4d-a100-d0fa2123ed47 [32m200[0m 10.008 ms - 2[0m
[0mGET /meeting/121508bb-6fef-4c4d-a100-d0fa2123ed47 [32m200[0m 470.323 ms - 97[0m
[0mGET /meetings [32m200[0m 52.107 ms - 114[0m
[0mPOST /create-meeting [32m200[0m 447.654 ms - 443[0m
[0mPOST /webhook [32m200[0m 4.710 ms - 2[0m
[0mGET /meeting/5b285a2b-b072-4db8-bd83-0c1842522adf [32m200[0m 124.126 ms - 648[0m
[0mPOST /join-meeting [32m200[0m 61.013 ms - 362[0m
[0mGET /meetings [32m200[0m 119.284 ms - 663[0m
[0mGET /meeting/5b285a2b-b072-4db8-bd83-0c1842522adf [32m200[0m 45.981 ms - 648[0m
[0mPOST /webhook [32m200[0m 3.836 ms - 2[0m
[0mPOST /webhook [32m200[0m 4.101 ms - 2[0m
[0mPOST /webhook [32m200[0m 3.539 ms - 2[0m
[0mPOST /webhook [32m200[0m 2.614 ms - 2[0m
[0mPOST /webhook [32m200[0m 5.816 ms - 2[0m
[0mPOST /join-meeting [32m200[0m 57.671 ms - 362[0m
[0mPOST /webhook [32m200[0m 1.770 ms - 2[0m
[0mPOST /webhook [32m200[0m 3.573 ms - 2[0m
[0mGET /meeting/5b285a2b-b072-4db8-bd83-0c1842522adf [32m200[0m 67.526 ms - 1004[0m
[0mGET /meeting/5b285a2b-b072-4db8-bd83-0c1842522adf [32m200[0m 111.342 ms - 1004[0m
[0mPOST /webhook [32m200[0m 7.552 ms - 2[0m
[0mPOST /webhook [32m200[0m 2.345 ms - 2[0m
[0mPOST /webhook [32m200[0m 2.569 ms - 2[0m
[0mPOST /webhook [32m200[0m 2.139 ms - 2[0m
[0mPOST /webhook [32m200[0m 0.907 ms - 2[0m
[0mPOST /webhook [32m200[0m 2.962 ms - 2[0m
[0mPOST /webhook [32m200[0m 3.770 ms - 2[0m
[0mPOST /webhook [32m200[0m 1.158 ms - 2[0m
[0mPOST /webhook [32m200[0m 1.808 ms - 2[0m
[0mPOST /webhook [32m200[0m 1.529 ms - 2[0m
[0mPOST /webhook [32m200[0m 2.117 ms - 2[0m
[0mPOST /webhook [32m200[0m 0.810 ms - 2[0m
[0mGET /meeting/5b285a2b-b072-4db8-bd83-0c1842522adf [32m200[0m 44.026 ms - 1006[0m
[0mGET /meeting/5b285a2b-b072-4db8-bd83-0c1842522adf [32m200[0m 39.157 ms - 831[0m
[0mPOST /webhook [32m200[0m 1.288 ms - 2[0m
[0mPOST /webhook [32m200[0m 1.203 ms - 2[0m
[0mPOST /webhook [32m200[0m 1.024 ms - 2[0m
[0mPOST /webhook [32m200[0m 0.782 ms - 2[0m
[0mGET /meeting/5b285a2b-b072-4db8-bd83-0c1842522adf [32m200[0m 192.134 ms - 97[0m
[0mPOST /create-meeting [32m200[0m 492.869 ms - 444[0m
[0mPOST /webhook [32m200[0m 3.496 ms - 2[0m
[0mGET /end-meeting/5f634bc8-6b6d-4c69-a215-c150e325ac4f [33m404[0m 3.390 ms - 187[0m
[0mGET /end-meeting/5f634bc8-6b6d-4c69-a215-c150e325ac4f [33m404[0m 1.072 ms - 187[0m
[0mGET /end-meeting/5f634bc8-6b6d-4c69-a215-c150e325ac4f [32m200[0m 205.798 ms - 97[0m
[0mGET /meetings [32m200[0m 45.407 ms - 664[0m
[0mGET /end-meeting/5f634bc8-6b6d-4c69-a215-c150e325ac4f [32m200[0m 36.737 ms - 97[0m
[0mGET /meetings [32m200[0m 38.815 ms - 664[0m
[0mGET /meetings [32m200[0m 388.293 ms - 664[0m
[0mPOST /webhook [32m200[0m 20.496 ms - 2[0m
[0mPOST /end-meeting [32m200[0m 42.826 ms - 97[0m
[0mGET /meetings [32m200[0m 40.375 ms - 114[0m
[0mGET /meetings [32m200[0m 33.694 ms - 114[0m
[0mPOST /create-meeting [32m200[0m 995.166 ms - 444[0m
[0mGET /meetings [32m200[0m 49.103 ms - 664[0m
[0mPOST /join-meeting [32m200[0m 186.055 ms - -[0m
[0mGET /meetings [32m200[0m 36.253 ms - 114[0m
[0mPOST /create-meeting [32m200[0m 422.296 ms - 443[0m
[0mPOST /join-meeting [32m200[0m 47.457 ms - 362[0m
[0mPOST /join-meeting [32m200[0m 55.422 ms - 362[0m
[0mGET /webhooks [32m200[0m 103.983 ms - 156[0m
[0mPOST /delete-webhook [32m200[0m 31.589 ms - 39[0m
[0mPOST /create-webhook [32m200[0m 36.922 ms - 73[0m
[0mGET /webhooks [32m200[0m 25.468 ms - 158[0m
[0mGET /webhooks [32m200[0m 247.372 ms - 158[0m
[0mPOST /delete-webhook [32m200[0m 30.358 ms - 39[0m
[0mGET /webhooks [32m200[0m 23.468 ms - 35[0m
[0mPOST /create-webhook [32m200[0m 35.301 ms - 73[0m
[0mGET /webhooks [32m200[0m 28.081 ms - 158[0m
[0mPOST /create-webhook [32m200[0m 35.843 ms - 73[0m
[0mPOST /webhook [32m200[0m 2.758 ms - 2[0m
[0mPOST /webhook [32m200[0m 21.709 ms - 2[0m
[0mGET /meeting/5b285a2b-b072-4db8-bd83-0c1842522adf [32m200[0m 246.991 ms - 97[0m
[0mPOST /webhook [32m200[0m 2.391 ms - 2[0m
[0mPOST /create-meeting [32m200[0m 412.582 ms - 443[0m
[0mPOST /join-meeting [32m200[0m 222.998 ms - 362[0m
[0mPOST /join-meeting [32m200[0m 50.220 ms - 362[0m
[0mPOST /webhook [32m200[0m 1.722 ms - 2[0m
[0mGET /meetings [32m200[0m 211.547 ms - 114[0m
[0mPOST /webhook [32m200[0m 2.756 ms - 2[0m
[0mPOST /create-meeting [32m200[0m 794.248 ms - 443[0m
[0mPOST /webhook [32m200[0m 5.025 ms - 2[0m
[0mPOST /webhook [32m200[0m 20.238 ms - 2[0m
[0mPOST /join-meeting [32m200[0m 193.798 ms - 362[0m
[0mPOST /webhook [32m200[0m 6.586 ms - 2[0m
[0mPOST /webhook [32m200[0m 30.728 ms - 2[0m
[0mPOST /webhook [32m200[0m 38.211 ms - 2[0m
[0mPOST /webhook [32m200[0m 21.841 ms - 2[0m
[0mPOST /webhook [32m200[0m 75.499 ms - 2[0m
[0mPOST /webhook [32m200[0m 16.821 ms - 2[0m
[0mPOST /webhook [32m200[0m 13.930 ms - 2[0m
[0mPOST /webhook [32m200[0m 21.147 ms - 2[0m
[0mPOST /webhook [32m200[0m 19.465 ms - 2[0m
[0mPOST /webhook [32m200[0m 16.609 ms - 2[0m
[0mGET /meetings [32m200[0m 444.109 ms - 114[0m
